2025-09-29 21:19:30,631 [INFO] Starting CipherLink client...
2025-09-29 21:19:30,631 [INFO] Checking configuration...
2025-09-29 21:19:30,633 [INFO] Mode: Public
2025-09-29 21:19:30,634 [INFO] Running in Public mode
2025-09-29 21:19:30,634 [INFO] ------------------------------------------------------------
2025-09-29 21:19:42,679 [INFO] Starting CipherLink client...
2025-09-29 21:19:42,679 [INFO] Checking configuration...
2025-09-29 21:19:42,681 [INFO] Mode: Public
2025-09-29 21:19:42,681 [INFO] Running in Public mode
2025-09-29 21:19:42,682 [INFO] ------------------------------------------------------------
2025-09-29 21:19:46,805 [INFO] Secure client active on port 8080
2025-09-29 21:19:51,000 [INFO] Secure client active on port 8081
2025-09-29 21:20:04,399 [WARNING] Failed to establish connection
2025-09-29 21:20:08,946 [WARNING] Failed to establish connection
2025-09-29 21:36:39,970 [INFO] 
Shutting down gracefully...
2025-09-29 21:36:40,031 [INFO] Client shut down successfully
2025-09-29 21:36:42,905 [INFO] 
Shutting down gracefully...
2025-09-29 21:36:43,731 [INFO] Client shut down successfully
2025-09-29 21:39:14,825 [INFO] Starting CipherLink client...
2025-09-29 21:39:14,826 [INFO] Checking configuration...
2025-09-29 21:39:14,827 [INFO] Mode: Public
2025-09-29 21:39:14,828 [INFO] Running in Public mode
2025-09-29 21:39:14,828 [INFO] ------------------------------------------------------------
2025-09-29 21:39:17,027 [INFO] Starting CipherLink client...
2025-09-29 21:39:17,028 [INFO] Checking configuration...
2025-09-29 21:39:17,031 [INFO] Mode: Public
2025-09-29 21:39:17,031 [INFO] Running in Public mode
2025-09-29 21:39:17,032 [INFO] ------------------------------------------------------------
2025-09-29 21:39:19,295 [INFO] Secure client active on port 8080
2025-09-29 21:39:23,213 [INFO] Secure client active on port 8081
2025-09-29 21:39:36,995 [INFO] Successfully connected! Starting chat...
2025-09-29 21:39:38,579 [INFO] Successfully connected! Starting chat...
2025-09-29 21:42:04,248 [INFO] 
Shutting down gracefully...
2025-09-29 21:42:04,498 [INFO] Client shut down successfully
2025-09-29 21:42:07,644 [INFO] 
Shutting down gracefully...
2025-09-29 21:42:07,849 [INFO] Client shut down successfully
